#
# There is insufficient memory for the Java Runtime Environment to continue.
# Native memory allocation (malloc) failed to allocate 43920 bytes for Chunk::new
# Possible reasons:
#   The system is out of physical RAM or swap space
#   The process is running with CompressedOops enabled, and the Java Heap may be blocking the growth of the native heap
# Possible solutions:
#   Reduce memory load on the system
#   Increase physical memory or swap space
#   Check if swap backing store is full
#   Decrease Java heap size (-Xmx/-Xms)
#   Decrease number of Java threads
#   Decrease Java thread stack sizes (-Xss)
#   Set larger code cache with -XX:ReservedCodeCacheSize=
#   JVM is running with Unscaled Compressed Oops mode in which the Java heap is
#     placed in the first 4GB address space. The Java Heap base address is the
#     maximum limit for the native heap growth. Please use -XX:HeapBaseMinAddress
#     to set the Java Heap base and to place the Java Heap above 4GB virtual address.
# This output file may be truncated or incomplete.
#
#  Out of Memory Error (allocation.cpp:389), pid=9652, tid=0x0000000000003c7c
#
# JRE version: OpenJDK Runtime Environment (8.0_422-b05) (build 1.8.0_422-422-b05)
# Java VM: OpenJDK 64-Bit Server VM (25.422-b05 mixed mode windows-amd64 compressed oops)
# Failed to write core dump. Minidumps are not enabled by default on client versions of Windows
#

---------------  T H R E A D  ---------------

Current thread (0x0000024b98996000):  JavaThread "C2 CompilerThread1" daemon [_thread_in_native, id=15484, stack(0x000000db22800000,0x000000db22900000)]

Stack: [0x000000db22800000,0x000000db22900000]
[error occurred during error reporting (printing stack bounds), id 0xc0000005]

Native frames: (J=compiled Java code, j=interpreted, Vv=VM code, C=native code)


Current CompileTask:
C2:    289  423       4       java.util.HashMap::put (13 bytes)


---------------  P R O C E S S  ---------------

Java Threads: ( => current thread )
  0x0000024b9b0d3800 JavaThread "Image Fetcher 0" daemon [_thread_in_vm, id=15748, stack(0x000000db23100000,0x000000db23200000)]
  0x0000024b82711000 JavaThread "DestroyJavaVM" [_thread_blocked, id=11352, stack(0x000000db21900000,0x000000db21a00000)]
  0x0000024b9abb7800 JavaThread "AWT-EventQueue-0" [_thread_blocked, id=2040, stack(0x000000db23000000,0x000000db23100000)]
  0x0000024b9ab94000 JavaThread "AWT-Windows" daemon [_thread_in_native, id=8084, stack(0x000000db22f00000,0x000000db23000000)]
  0x0000024b9ab91000 JavaThread "AWT-Shutdown" [_thread_blocked, id=8680, stack(0x000000db22e00000,0x000000db22f00000)]
  0x0000024b9ab7f800 JavaThread "Java2D Disposer" daemon [_thread_blocked, id=14332, stack(0x000000db22d00000,0x000000db22e00000)]
  0x0000024b9a7eb800 JavaThread "Service Thread" daemon [_thread_blocked, id=3708, stack(0x000000db22b00000,0x000000db22c00000)]
  0x0000024b98998800 JavaThread "C1 CompilerThread3" daemon [_thread_in_native, id=15300, stack(0x000000db22a00000,0x000000db22b00000)]
  0x0000024b98996800 JavaThread "C2 CompilerThread2" daemon [_thread_in_native, id=13744, stack(0x000000db22900000,0x000000db22a00000)]
=>0x0000024b98996000 JavaThread "C2 CompilerThread1" daemon [_thread_in_native, id=15484, stack(0x000000db22800000,0x000000db22900000)]
  0x0000024b98992000 JavaThread "C2 CompilerThread0" daemon [_thread_in_native, id=3272, stack(0x000000db22700000,0x000000db22800000)]
  0x0000024b98982800 JavaThread "Attach Listener" daemon [_thread_blocked, id=15944, stack(0x000000db22600000,0x000000db22700000)]
  0x0000024b98981000 JavaThread "Signal Dispatcher" daemon [_thread_blocked, id=10656, stack(0x000000db22500000,0x000000db22600000)]
  0x0000024b9895f800 JavaThread "Finalizer" daemon [_thread_blocked, id=14832, stack(0x000000db22400000,0x000000db22500000)]
  0x0000024b98950800 JavaThread "Reference Handler" daemon [_thread_blocked, id=15928, stack(0x000000db22300000,0x000000db22400000)]

Other Threads:
  0x0000024b98927800 VMThread [stack: 0x000000db22200000,0x000000db22300000] [id=12648]
  0x0000024b989b1800 WatcherThread [stack: 0x000000db22c00000,0x000000db22d00000] [id=14128]

VM state:not at safepoint (normal execution)

VM Mutex/Monitor currently owned by a thread: None

heap address: 0x0000000082200000, size: 2014 MB, Compressed Oops mode: 32-bit
Narrow klass base: 0x0000000000000000, Narrow klass shift: 3
Compressed class space size: 1073741824 Address: 0x0000000100000000

Heap:
 PSYoungGen      total 37888K, used 7871K [0x00000000d6100000, 0x00000000d8b00000, 0x0000000100000000)
  eden space 32768K, 24% used [0x00000000d6100000,0x00000000d68affa8,0x00000000d8100000)
  from space 5120K, 0% used [0x00000000d8600000,0x00000000d8600000,0x00000000d8b00000)
  to   space 5120K, 0% used [0x00000000d8100000,0x00000000d8100000,0x00000000d8600000)
 ParOldGen       total 86016K, used 0K [0x0000000082200000, 0x0000000087600000, 0x00000000d6100000)
  object space 86016K, 0% used [0x0000000082200000,0x0000000082200000,0x0000000087600000)
 Metaspace       used 10972K, capacity 11146K, committed 11264K, reserved 1060864K
  class space    used 1445K, capacity 1515K, committed 1536K, reserved 1048576K

Card table byte_map: [0x0000024b93590000,0x0000024b93980000] byte_map_base: 0x0000024b9317f000

Marking Bits: (ParMarkBitMap*) 0x000000006b5ef8e0
 Begin Bits: [0x0000024b93c20000, 0x0000024b95b98000)
 End Bits:   [0x0000024b95b98000, 0x0000024b97b10000)

Polling page: 0x0000024b82910000

CodeCache: size=245760Kb used=2065Kb max_used=2065Kb free=243694Kb
 bounds [0x0000024b841d0000, 0x0000024b84440000, 0x0000024b931d0000]
 total_blobs=842 nmethods=425 adapters=330
 compilation: enabled

Compilation events (10 events):
Event: 0.281 Thread 0x0000024b98996000  423       4       java.util.HashMap::put (13 bytes)
Event: 0.281 Thread 0x0000024b98998800 nmethod 416 0x0000024b843d2f10 code [0x0000024b843d3120, 0x0000024b843d3a20]
Event: 0.281 Thread 0x0000024b98998800  418       3       java.io.DataInputStream::readUnsignedShort (39 bytes)
Event: 0.281 Thread 0x0000024b98998800 nmethod 418 0x0000024b843d2850 code [0x0000024b843d29e0, 0x0000024b843d2d90]
Event: 0.282 Thread 0x0000024b98998800  417       3       java.io.DataInputStream::readUTF (5 bytes)
Event: 0.282 Thread 0x0000024b98998800 nmethod 417 0x0000024b843c99d0 code [0x0000024b843c9b40, 0x0000024b843c9cd0]
Event: 0.286 Thread 0x0000024b98998800  424       3       sun.util.locale.LocaleUtils::isUpper (18 bytes)
Event: 0.286 Thread 0x0000024b98998800 nmethod 424 0x0000024b843d2250 code [0x0000024b843d23a0, 0x0000024b843d2578]
Event: 0.286 Thread 0x0000024b98998800  425       3       java.lang.Class::checkInitted (19 bytes)
Event: 0.286 Thread 0x0000024b98998800 nmethod 425 0x0000024b843d1d10 code [0x0000024b843d1e80, 0x0000024b843d2150]

GC Heap History (0 events):
No events

Deoptimization events (1 events):
Event: 0.073 Thread 0x0000024b82711000 Uncommon trap: reason=loop_limit_check action=maybe_recompile pc=0x0000024b842e7f9c method=java.lang.String.equals(Ljava/lang/Object;)Z @ 56

Classes redefined (0 events):
No events

Internal exceptions (10 events):
Event: 0.210 Thread 0x0000024b82711000 Exception <a 'java/lang/ClassNotFoundException': ToolBar> (0x00000000d654f7c8) thrown at [C:\jenkins\workspace\openjdk-build\jdk8u\hotspot\src\share\vm\classfile\systemDictionary.cpp, line 217]
Event: 0.210 Thread 0x0000024b82711000 Exception <a 'java/lang/ClassNotFoundException': ToggleButton> (0x00000000d654fd78) thrown at [C:\jenkins\workspace\openjdk-build\jdk8u\hotspot\src\share\vm\classfile\systemDictionary.cpp, line 217]
Event: 0.210 Thread 0x0000024b82711000 Exception <a 'java/lang/ClassNotFoundException': javax/swing/JToolBarSeparator> (0x00000000d65501d8) thrown at [C:\jenkins\workspace\openjdk-build\jdk8u\hotspot\src\share\vm\classfile\systemDictionary.cpp, line 217]
Event: 0.210 Thread 0x0000024b82711000 Exception <a 'java/lang/ClassNotFoundException': ToolBarSeparator> (0x00000000d6550670) thrown at [C:\jenkins\workspace\openjdk-build\jdk8u\hotspot\src\share\vm\classfile\systemDictionary.cpp, line 217]
Event: 0.210 Thread 0x0000024b82711000 Exception <a 'java/lang/ClassNotFoundException': ToolTip> (0x00000000d6550db0) thrown at [C:\jenkins\workspace\openjdk-build\jdk8u\hotspot\src\share\vm\classfile\systemDictionary.cpp, line 217]
Event: 0.211 Thread 0x0000024b82711000 Exception <a 'java/lang/ClassNotFoundException': Tree> (0x00000000d65519d0) thrown at [C:\jenkins\workspace\openjdk-build\jdk8u\hotspot\src\share\vm\classfile\systemDictionary.cpp, line 217]
Event: 0.211 Thread 0x0000024b82711000 Exception <a 'java/lang/ClassNotFoundException': Tree> (0x00000000d6552110) thrown at [C:\jenkins\workspace\openjdk-build\jdk8u\hotspot\src\share\vm\classfile\systemDictionary.cpp, line 217]
Event: 0.211 Thread 0x0000024b82711000 Exception <a 'java/lang/ClassNotFoundException': javax/swing/JTreeCell> (0x00000000d6552490) thrown at [C:\jenkins\workspace\openjdk-build\jdk8u\hotspot\src\share\vm\classfile\systemDictionary.cpp, line 217]
Event: 0.211 Thread 0x0000024b82711000 Exception <a 'java/lang/ClassNotFoundException': TreeCell> (0x00000000d6552918) thrown at [C:\jenkins\workspace\openjdk-build\jdk8u\hotspot\src\share\vm\classfile\systemDictionary.cpp, line 217]
Event: 0.211 Thread 0x0000024b82711000 Exception <a 'java/lang/ClassNotFoundException': RootPane> (0x00000000d6553378) thrown at [C:\jenkins\workspace\openjdk-build\jdk8u\hotspot\src\share\vm\classfile\systemDictionary.cpp, line 217]

Events (10 events):
Event: 0.287 loading class java/util/concurrent/atomic/AtomicMarkableReference
Event: 0.287 loading class java/util/concurrent/atomic/AtomicMarkableReference done
Event: 0.287 loading class java/util/concurrent/atomic/AtomicMarkableReference$Pair
Event: 0.287 loading class java/util/concurrent/atomic/AtomicMarkableReference$Pair done
Event: 0.287 loading class sun/text/resources/en/FormatData_en
Event: 0.287 loading class sun/text/resources/en/FormatData_en done
Event: 0.287 loading class sun/text/resources/en/FormatData_en_US
Event: 0.287 loading class sun/text/resources/en/FormatData_en_US done
Event: 0.287 loading class sun/util/resources/ParallelListResourceBundle$KeySet
Event: 0.287 loading class sun/util/resources/ParallelListResourceBundle$KeySet done


Dynamic libraries:
0x00007ff6ff480000 - 0x00007ff6ff4cd000 	C:\Program Files\OpenLogic\jdk-8.0.422.05-hotspot\bin\java.exe
0x00007ffdb7c30000 - 0x00007ffdb7e47000 	C:\WINDOWS\SYSTEM32\ntdll.dll
0x00007ffdb64e0000 - 0x00007ffdb65a4000 	C:\WINDOWS\System32\KERNEL32.DLL
0x00007ffdb4fb0000 - 0x00007ffdb5380000 	C:\WINDOWS\System32\KERNELBASE.dll
0x00007ffdb7b10000 - 0x00007ffdb7bc1000 	C:\WINDOWS\System32\ADVAPI32.dll
0x00007ffdb6be0000 - 0x00007ffdb6c87000 	C:\WINDOWS\System32\msvcrt.dll
0x00007ffdb62a0000 - 0x00007ffdb6347000 	C:\WINDOWS\System32\sechost.dll
0x00007ffdb5380000 - 0x00007ffdb53a8000 	C:\WINDOWS\System32\bcrypt.dll
0x00007ffdb7910000 - 0x00007ffdb7a24000 	C:\WINDOWS\System32\RPCRT4.dll
0x00007ffdb5f00000 - 0x00007ffdb60ae000 	C:\WINDOWS\System32\USER32.dll
0x00007ffdb4ee0000 - 0x00007ffdb4f06000 	C:\WINDOWS\System32\win32u.dll
0x00007ffdb60b0000 - 0x00007ffdb60d9000 	C:\WINDOWS\System32\GDI32.dll
0x00007ffdb53b0000 - 0x00007ffdb54cb000 	C:\WINDOWS\System32\gdi32full.dll
0x00007ffdb4f10000 - 0x00007ffdb4faa000 	C:\WINDOWS\System32\msvcp_win.dll
0x00007ffdb56c0000 - 0x00007ffdb57d1000 	C:\WINDOWS\System32\ucrtbase.dll
0x00007ffda4a20000 - 0x00007ffda4cb2000 	C:\WINDOWS\WinSxS\amd64_microsoft.windows.common-controls_6595b64144ccf1df_6.0.22621.4830_none_270fe7d773858e80\COMCTL32.dll
0x00007ffdb6ba0000 - 0x00007ffdb6bd1000 	C:\WINDOWS\System32\IMM32.DLL
0x000000006b670000 - 0x000000006b67c000 	C:\Program Files (x86)\360\Total Security\safemon\SafeWrapper.dll
0x00007ffd97a10000 - 0x00007ffd97abc000 	C:\Program Files (x86)\360\Total Security\safemon\libzdtp64.dll
0x00007ffdb6ec0000 - 0x00007ffdb7738000 	C:\WINDOWS\System32\SHELL32.dll
0x00007ffdb6c90000 - 0x00007ffdb6cee000 	C:\WINDOWS\System32\SHLWAPI.dll
0x00007ffdb4960000 - 0x00007ffdb496a000 	C:\WINDOWS\SYSTEM32\VERSION.dll
0x00007ffd986e0000 - 0x00007ffd986fb000 	C:\Program Files\OpenLogic\jdk-8.0.422.05-hotspot\jre\bin\vcruntime140.dll
0x00007ffd98cf0000 - 0x00007ffd98cfc000 	C:\Program Files\OpenLogic\jdk-8.0.422.05-hotspot\jre\bin\vcruntime140_1.dll
0x00007ffd97f30000 - 0x00007ffd97fbd000 	C:\Program Files\OpenLogic\jdk-8.0.422.05-hotspot\jre\bin\msvcp140.dll
0x000000006add0000 - 0x000000006b669000 	C:\Program Files\OpenLogic\jdk-8.0.422.05-hotspot\jre\bin\server\jvm.dll
0x00007ffdb6350000 - 0x00007ffdb6358000 	C:\WINDOWS\System32\PSAPI.DLL
0x00007ffd98160000 - 0x00007ffd98169000 	C:\WINDOWS\SYSTEM32\WSOCK32.dll
0x00007ffda9980000 - 0x00007ffda99b4000 	C:\WINDOWS\SYSTEM32\WINMM.dll
0x00007ffdb6b20000 - 0x00007ffdb6b91000 	C:\WINDOWS\System32\WS2_32.dll
0x00007ffdb3fa0000 - 0x00007ffdb3fb8000 	C:\WINDOWS\SYSTEM32\kernel.appcore.dll
0x00007ffd980a0000 - 0x00007ffd980b0000 	C:\Program Files\OpenLogic\jdk-8.0.422.05-hotspot\jre\bin\verify.dll
0x00007ffd97f00000 - 0x00007ffd97f2b000 	C:\Program Files\OpenLogic\jdk-8.0.422.05-hotspot\jre\bin\java.dll
0x00007ffd95b00000 - 0x00007ffd95b18000 	C:\Program Files\OpenLogic\jdk-8.0.422.05-hotspot\jre\bin\zip.dll
0x00007ffdafc00000 - 0x00007ffdb0510000 	C:\WINDOWS\SYSTEM32\windows.storage.dll
0x00007ffdb5ad0000 - 0x00007ffdb5e60000 	C:\WINDOWS\System32\combase.dll
0x00007ffdafac0000 - 0x00007ffdafbff000 	C:\WINDOWS\SYSTEM32\wintypes.dll
0x00007ffdb63d0000 - 0x00007ffdb64da000 	C:\WINDOWS\System32\SHCORE.dll
0x00007ffdb4e10000 - 0x00007ffdb4e3b000 	C:\WINDOWS\SYSTEM32\profapi.dll
0x00007ffd81a50000 - 0x00007ffd81bcd000 	C:\Program Files\OpenLogic\jdk-8.0.422.05-hotspot\jre\bin\awt.dll
0x00007ffdb7a30000 - 0x00007ffdb7b07000 	C:\WINDOWS\System32\OLEAUT32.dll
0x00007ffdae060000 - 0x00007ffdae0f7000 	C:\WINDOWS\SYSTEM32\apphelp.dll
0x00007ffdaed80000 - 0x00007ffdaee31000 	C:\WINDOWS\system32\uxtheme.dll
0x00007ffdb77b0000 - 0x00007ffdb790f000 	C:\WINDOWS\System32\MSCTF.dll
0x00007ffdb5920000 - 0x00007ffdb5ac1000 	C:\WINDOWS\System32\ole32.dll
0x00007ffdb57e0000 - 0x00007ffdb585b000 	C:\WINDOWS\System32\bcryptPrimitives.dll
0x00007ffdaf2e0000 - 0x00007ffdaf30b000 	C:\WINDOWS\system32\DWMAPI.DLL
0x00007ffd7e370000 - 0x00007ffd7e41b000 	C:\Program Files\OpenLogic\jdk-8.0.422.05-hotspot\jre\bin\freetype.dll
0x00007ffdaa690000 - 0x00007ffdaa6df000 	C:\Program Files\OpenLogic\jdk-8.0.422.05-hotspot\jre\bin\fontmanager.dll
0x00007ffd9acb0000 - 0x00007ffd9adb0000 	C:\WINDOWS\system32\opengl32.dll
0x00007ffd9a300000 - 0x00007ffd9a32d000 	C:\WINDOWS\SYSTEM32\GLU32.dll
0x00007ffdaef90000 - 0x00007ffdaefc7000 	C:\WINDOWS\SYSTEM32\dxcore.dll

VM Arguments:
jvm_args: -Dfile.encoding=UTF-8 
java_command: evento.addEvent
java_class_path (initial): C:\Program Files\NetBeans 8.2\platform\modules\ext\swing-layout-1.0.4.jar;C:\Users\DELL\Desktop\Evento_1\src\sqlite-jdbc-3.7.2.jar;C:\Users\DELL\Desktop\Evento_1\src\jcalendar-1.4.jar;C:\Users\DELL\Downloads\mysql-connector-j-9.2.0\mysql-connector-j-9.2.0\mysql-connector-j-9.2.0.jar;C:\Users\DELL\Desktop\Evento_1\build\classes
Launcher Type: SUN_STANDARD

Environment Variables:
JAVA_HOME=C:\Program Files\OpenLogic\jdk-8.0.422.05-hotspot\
PATH=C:\Program Files\OpenLogic\jdk-8.0.422.05-hotspot\bin;C:\Program Files (x86)\Common Files\Oracle\Java\java8path;C:\Program Files (x86)\Common Files\Oracle\Java\javapath;C:\Program Files (x86)\VMware\VMware Workstation\bin\;C:\WINDOWS\system32;C:\WINDOWS;C:\WINDOWS\System32\Wbem;C:\WINDOWS\System32\WindowsPowerShell\v1.0\;C:\WINDOWS\System32\OpenSSH\;C:\Program Files\MATLAB\R2017a\bin;C:\Program Files\Git\cmd;C:\Program Files\ACE Studio;C:\wamp64\bin\php\php8.3.6;C:\ProgramData\ComposerSetup\bin;C:\Users\DELL\AppData\Local\Programs\Python\Launcher\;C:\Users\DELL\AppData\Local\Microsoft\WindowsApps;C:\Users\DELL\AppData\Local\Programs\Microsoft VS Code\bin;C:\Program Files\JetBrains\PyCharm Community Edition 2023.3.5\bin;C:\Users\DELL\AppData\Local\Microsoft\WindowsApps;C:\Users\DELL\AppData\Roaming\Composer\vendor\bin;C:\wamp64\bin\mysql\mysql8.3.0\bin;C:\Users\DELL\AppData\Local\GitHubDesktop\bin
USERNAME=DELL
OS=Windows_NT
PROCESSOR_IDENTIFIER=Intel64 Family 6 Model 142 Stepping 10, GenuineIntel



---------------  S Y S T E M  ---------------

OS: Windows 11 , 64 bit Build 22621 (10.0.22621.4830)

CPU:total 8 (initial active 8) (4 cores per cpu, 2 threads per core) family 6 model 142 stepping 10, cmov, cx8, fxsr, mmx, sse, sse2, sse3, ssse3, sse4.1, sse4.2, popcnt, avx, avx2, aes, clmul, erms, rtm, 3dnowpref, lzcnt, ht, tsc, tscinvbit, bmi1, bmi2, adx

Memory: 4k page, physical 8243444k(1710476k free), swap 12930584k(3088k free)

vm_info: OpenJDK 64-Bit Server VM (25.422-b05) for windows-amd64 JRE (1.8.0_422-422-b05), built on Jul 18 2024 05:34:18 by "Administrator" with MS VC++ 16.10 / 16.11 (VS2019)

time: Fri Mar 14 11:20:59 2025
timezone: Greenwich Standard Time
elapsed time: 0.294572 seconds (0d 0h 0m 0s)

