#
# There is insufficient memory for the Java Runtime Environment to continue.
# Native memory allocation (malloc) failed to allocate 1048576 bytes for AllocateHeap
# Possible reasons:
#   The system is out of physical RAM or swap space
#   The process is running with CompressedOops enabled, and the Java Heap may be blocking the growth of the native heap
# Possible solutions:
#   Reduce memory load on the system
#   Increase physical memory or swap space
#   Check if swap backing store is full
#   Decrease Java heap size (-Xmx/-Xms)
#   Decrease number of Java threads
#   Decrease Java thread stack sizes (-Xss)
#   Set larger code cache with -XX:ReservedCodeCacheSize=
#   JVM is running with Unscaled Compressed Oops mode in which the Java heap is
#     placed in the first 4GB address space. The Java Heap base address is the
#     maximum limit for the native heap growth. Please use -XX:HeapBaseMinAddress
#     to set the Java Heap base and to place the Java Heap above 4GB virtual address.
# This output file may be truncated or incomplete.
#
#  Out of Memory Error (memory/allocation.inline.hpp:61), pid=3684, tid=0x0000000000003ecc
#
# JRE version:  (8.0_422-b05) (build )
# Java VM: OpenJDK 64-Bit Server VM (25.422-b05 mixed mode windows-amd64 compressed oops)
# Failed to write core dump. Minidumps are not enabled by default on client versions of Windows
#

---------------  T H R E A D  ---------------

Current thread (0x0000021074b35000):  JavaThread "Unknown thread" [_thread_in_vm, id=16076, stack(0x000000b9fb500000,0x000000b9fb600000)]

Stack: [0x000000b9fb500000,0x000000b9fb600000]
[error occurred during error reporting (printing stack bounds), id 0xc0000005]

Native frames: (J=compiled Java code, j=interpreted, Vv=VM code, C=native code)


---------------  P R O C E S S  ---------------

Java Threads: ( => current thread )

Other Threads:

=>0x0000021074b35000 (exited) JavaThread "Unknown thread" [_thread_in_vm, id=16076, stack(0x000000b9fb500000,0x000000b9fb600000)]

VM state:not at safepoint (normal execution)

VM Mutex/Monitor currently owned by a thread: None

heap address: 0x0000000082200000, size: 2014 MB, Compressed Oops mode: 32-bit
Narrow klass base: 0x0000000000000000, Narrow klass shift: 3
Compressed class space size: 1073741824 Address: 0x0000000100000000

Heap:
 PSYoungGen      total 37888K, used 655K [0x00000000d6100000, 0x00000000d8b00000, 0x0000000100000000)
  eden space 32768K, 2% used [0x00000000d6100000,0x00000000d61a3d80,0x00000000d8100000)
  from space 5120K, 0% used [0x00000000d8600000,0x00000000d8600000,0x00000000d8b00000)
  to   space 5120K, 0% used [0x00000000d8100000,0x00000000d8100000,0x00000000d8600000)
 ParOldGen       total 86016K, used 0K [0x0000000082200000, 0x0000000087600000, 0x00000000d6100000)
  object space 86016K, 0% used [0x0000000082200000,0x0000000082200000,0x0000000087600000)
 Metaspace       used 779K, capacity 4480K, committed 4480K, reserved 1056768K
  class space    used 76K, capacity 384K, committed 384K, reserved 1048576K

Card table byte_map: [0x0000021076950000,0x0000021076d40000] byte_map_base: 0x000002107653f000

Marking Bits: (ParMarkBitMap*) 0x000000006b5ef8e0
 Begin Bits: [0x0000021076fe0000, 0x0000021078f58000)
 End Bits:   [0x0000021078f58000, 0x000002107aed0000)

Polling page: 0x0000021074c90000

CodeCache: size=245760Kb used=328Kb max_used=328Kb free=245431Kb
 bounds [0x0000021000000000, 0x0000021000270000, 0x000002100f000000]
 total_blobs=57 nmethods=0 adapters=38
 compilation: enabled

Compilation events (0 events):
No events

GC Heap History (0 events):
No events

Deoptimization events (0 events):
No events

Classes redefined (0 events):
No events

Internal exceptions (0 events):
No events

Events (10 events):
Event: 0.017 loading class java/lang/Short
Event: 0.017 loading class java/lang/Short done
Event: 0.017 loading class java/lang/Integer
Event: 0.017 loading class java/lang/Integer done
Event: 0.017 loading class java/lang/Long
Event: 0.017 loading class java/lang/Long done
Event: 0.017 loading class java/lang/NullPointerException
Event: 0.017 loading class java/lang/NullPointerException done
Event: 0.017 loading class java/lang/ArithmeticException
Event: 0.017 loading class java/lang/ArithmeticException done


Dynamic libraries:
0x00007ff6ff480000 - 0x00007ff6ff4cd000 	C:\Program Files\OpenLogic\jdk-8.0.422.05-hotspot\bin\java.exe
0x00007ffdb7c30000 - 0x00007ffdb7e47000 	C:\WINDOWS\SYSTEM32\ntdll.dll
0x00007ffdb64e0000 - 0x00007ffdb65a4000 	C:\WINDOWS\System32\KERNEL32.DLL
0x00007ffdb4fb0000 - 0x00007ffdb5380000 	C:\WINDOWS\System32\KERNELBASE.dll
0x00007ffdb7b10000 - 0x00007ffdb7bc1000 	C:\WINDOWS\System32\ADVAPI32.dll
0x00007ffdb6be0000 - 0x00007ffdb6c87000 	C:\WINDOWS\System32\msvcrt.dll
0x00007ffdb62a0000 - 0x00007ffdb6347000 	C:\WINDOWS\System32\sechost.dll
0x00007ffdb5380000 - 0x00007ffdb53a8000 	C:\WINDOWS\System32\bcrypt.dll
0x00007ffdb7910000 - 0x00007ffdb7a24000 	C:\WINDOWS\System32\RPCRT4.dll
0x00007ffdb5f00000 - 0x00007ffdb60ae000 	C:\WINDOWS\System32\USER32.dll
0x00007ffdb4ee0000 - 0x00007ffdb4f06000 	C:\WINDOWS\System32\win32u.dll
0x00007ffdb60b0000 - 0x00007ffdb60d9000 	C:\WINDOWS\System32\GDI32.dll
0x00007ffdb53b0000 - 0x00007ffdb54cb000 	C:\WINDOWS\System32\gdi32full.dll
0x00007ffdb4f10000 - 0x00007ffdb4faa000 	C:\WINDOWS\System32\msvcp_win.dll
0x00007ffdb56c0000 - 0x00007ffdb57d1000 	C:\WINDOWS\System32\ucrtbase.dll
0x00007ffda4a20000 - 0x00007ffda4cb2000 	C:\WINDOWS\WinSxS\amd64_microsoft.windows.common-controls_6595b64144ccf1df_6.0.22621.4830_none_270fe7d773858e80\COMCTL32.dll
0x00007ffdb6ba0000 - 0x00007ffdb6bd1000 	C:\WINDOWS\System32\IMM32.DLL
0x000000006b670000 - 0x000000006b67c000 	C:\Program Files (x86)\360\Total Security\safemon\SafeWrapper.dll
0x00007ffd97a10000 - 0x00007ffd97abc000 	C:\Program Files (x86)\360\Total Security\safemon\libzdtp64.dll
0x00007ffdb6ec0000 - 0x00007ffdb7738000 	C:\WINDOWS\System32\SHELL32.dll
0x00007ffdb6c90000 - 0x00007ffdb6cee000 	C:\WINDOWS\System32\SHLWAPI.dll
0x00007ffdb4960000 - 0x00007ffdb496a000 	C:\WINDOWS\SYSTEM32\VERSION.dll
0x00007ffd986e0000 - 0x00007ffd986fb000 	C:\Program Files\OpenLogic\jdk-8.0.422.05-hotspot\jre\bin\vcruntime140.dll
0x00007ffd98cf0000 - 0x00007ffd98cfc000 	C:\Program Files\OpenLogic\jdk-8.0.422.05-hotspot\jre\bin\vcruntime140_1.dll
0x00007ffd97f30000 - 0x00007ffd97fbd000 	C:\Program Files\OpenLogic\jdk-8.0.422.05-hotspot\jre\bin\msvcp140.dll
0x000000006add0000 - 0x000000006b669000 	C:\Program Files\OpenLogic\jdk-8.0.422.05-hotspot\jre\bin\server\jvm.dll
0x00007ffdb6350000 - 0x00007ffdb6358000 	C:\WINDOWS\System32\PSAPI.DLL
0x00007ffd98160000 - 0x00007ffd98169000 	C:\WINDOWS\SYSTEM32\WSOCK32.dll
0x00007ffda9980000 - 0x00007ffda99b4000 	C:\WINDOWS\SYSTEM32\WINMM.dll
0x00007ffdb6b20000 - 0x00007ffdb6b91000 	C:\WINDOWS\System32\WS2_32.dll
0x00007ffdb3fa0000 - 0x00007ffdb3fb8000 	C:\WINDOWS\SYSTEM32\kernel.appcore.dll
0x00007ffd980a0000 - 0x00007ffd980b0000 	C:\Program Files\OpenLogic\jdk-8.0.422.05-hotspot\jre\bin\verify.dll
0x00007ffd97f00000 - 0x00007ffd97f2b000 	C:\Program Files\OpenLogic\jdk-8.0.422.05-hotspot\jre\bin\java.dll
0x00007ffd95b00000 - 0x00007ffd95b18000 	C:\Program Files\OpenLogic\jdk-8.0.422.05-hotspot\jre\bin\zip.dll

VM Arguments:
jvm_args: -Dfile.encoding=UTF-8 
java_command: 

 -classpath C:\Program Files\NetBeans 8.2\platform\modules\ext\swing-layout-1.0.4.jar;C:\Users\DELL\Desktop\Evento_1\src\jcalendar-1.4.jar;C:\Users\DELL\Downloads\mysql-connector-j-9.2.0\mysql-connector-j-9.2.0\mysql-connector-j-9.2.0.jar;C:\Users\DELL\Desktop\Evento_1\build\classes evento.eventpageuser
java_class_path (initial): .
Launcher Type: SUN_STANDARD

Environment Variables:
JAVA_HOME=C:\Program Files\OpenLogic\jdk-8.0.422.05-hotspot\
PATH=C:\Program Files\OpenLogic\jdk-8.0.422.05-hotspot\bin;C:\Program Files (x86)\Common Files\Oracle\Java\java8path;C:\Program Files (x86)\Common Files\Oracle\Java\javapath;C:\Program Files (x86)\VMware\VMware Workstation\bin\;C:\WINDOWS\system32;C:\WINDOWS;C:\WINDOWS\System32\Wbem;C:\WINDOWS\System32\WindowsPowerShell\v1.0\;C:\WINDOWS\System32\OpenSSH\;C:\Program Files\MATLAB\R2017a\bin;C:\Program Files\Git\cmd;C:\Program Files\ACE Studio;C:\wamp64\bin\php\php8.3.6;C:\ProgramData\ComposerSetup\bin;C:\Users\DELL\AppData\Local\Programs\Python\Launcher\;C:\Users\DELL\AppData\Local\Microsoft\WindowsApps;C:\Users\DELL\AppData\Local\Programs\Microsoft VS Code\bin;C:\Program Files\JetBrains\PyCharm Community Edition 2023.3.5\bin;C:\Users\DELL\AppData\Local\Microsoft\WindowsApps;C:\Users\DELL\AppData\Roaming\Composer\vendor\bin;C:\wamp64\bin\mysql\mysql8.3.0\bin;C:\Users\DELL\AppData\Local\GitHubDesktop\bin
USERNAME=DELL
OS=Windows_NT
PROCESSOR_IDENTIFIER=Intel64 Family 6 Model 142 Stepping 10, GenuineIntel



---------------  S Y S T E M  ---------------

OS: Windows 11 , 64 bit Build 22621 (10.0.22621.4830)

CPU:total 8 (initial active 8) (4 cores per cpu, 2 threads per core) family 6 model 142 stepping 10, cmov, cx8, fxsr, mmx, sse, sse2, sse3, ssse3, sse4.1, sse4.2, popcnt, avx, avx2, aes, clmul, erms, rtm, 3dnowpref, lzcnt, ht, tsc, tscinvbit, bmi1, bmi2, adx

Memory: 4k page, physical 8243444k(1829504k free), swap 12930584k(6100k free)

vm_info: OpenJDK 64-Bit Server VM (25.422-b05) for windows-amd64 JRE (1.8.0_422-422-b05), built on Jul 18 2024 05:34:18 by "Administrator" with MS VC++ 16.10 / 16.11 (VS2019)

time: Fri Mar 14 11:47:56 2025
timezone: Greenwich Standard Time
elapsed time: 0.022377 seconds (0d 0h 0m 0s)

